<?xml version="1.0" encoding="UTF-8"?>
<!-- Generated by org.testng.reporters.JUnitReportReporter -->
<testsuite skipped="0" hostname="DESKTOP-AA4AD8I" name="com.selenium.SampleMavenProject.TC_001" tests="1" failures="0" timestamp="22 Oct 2019 13:18:09 GMT" time="15.079" errors="0">
  <testcase name="amazon" time="15.079" classname="com.selenium.SampleMavenProject.TC_001"/>
</testsuite> <!-- com.selenium.SampleMavenProject.TC_001 -->
