<?xml version="1.0" encoding="UTF-8"?>
<!-- Generated by org.testng.reporters.JUnitReportReporter -->
<testsuite skipped="0" hostname="DESKTOP-AA4AD8I" name="webtables.WebTables" tests="1" failures="0" timestamp="22 Oct 2019 01:21:22 GMT" time="59.780" errors="0">
  <testcase name="dynamicTable" time="59.780" classname="webtables.WebTables"/>
</testsuite> <!-- webtables.WebTables -->
